<?xml version="1.0" encoding="UTF-8"?>
<!-- Generated by org.testng.reporters.JUnitXMLReporter -->
<testsuite hostname="Jolly" name="RegSet1" tests="1" failures="1" timestamp="26 Apr 2017 16:10:55 GMT" time="0.257" errors="0">
  <testcase name="testInvalidSearch" time="0.014" classname="Scenario_Component.Scenario_Search">
    <failure type="java.lang.NullPointerException">
      <![CDATA[java.lang.NullPointerException
	at Scenario_Component.Scenario_Search.testInvalidSearch(Scenario_Search.java:21)
... Removed 24 stack frames]]>
    </failure>
  </testcase> <!-- testInvalidSearch -->
</testsuite> <!-- RegSet1 -->
