<?xml version="1.0" encoding="UTF-8"?>
<!-- Generated by org.testng.reporters.JUnitXMLReporter -->
<testsuite hostname="Jolly" name="RegSet1" tests="2" failures="2" timestamp="26 Apr 2017 16:15:18 GMT" time="112.679" errors="0">
  <testcase name="testInvalidSearch" time="87.238" classname="Scenario_Component.Scenario_Search">
    <failure type="org.openqa.selenium.TimeoutException" message="Timed out after 25 seconds waiting for visibility of Proxy element for: DefaultElementLocator &amp;apos;By.id: com.bigbasket.mobileapp:id/txtEmptyMsg1&amp;apos;
Build info: version: &amp;apos;2.52.0&amp;apos;, revision: &amp;apos;4c2593cfc3689a7fcd7be52549167e5ccc93ad28&amp;apos;, time: &amp;apos;2016-02-11 11:22:43&amp;apos;
System info: host: &amp;apos;Jolly&amp;apos;, ip: &amp;apos;192.168.83.1&amp;apos;, os.name: &amp;apos;Windows 10&amp;apos;, os.arch: &amp;apos;amd64&amp;apos;, os.version: &amp;apos;10.0&amp;apos;, java.version: &amp;apos;1.8.0_60&amp;apos;
Driver info: io.appium.java_client.android.AndroidDriver
Capabilities [{appPackage=com.bigbasket.mobileapp, networkConnectionEnabled=true, warnings={}, databaseEnabled=false, deviceName=1c47b811, platform=LINUX, appActivity=com.bigbasket.mobileapp.activity.SplashActivity, desired={appPackage=com.bigbasket.mobileapp, appActivity=com.bigbasket.mobileapp.activity.SplashActivity, platformVersion=5.1.1, platformName=Android, deviceName=1c47b811}, platformVersion=5.1.1, webStorageEnabled=false, locationContextEnabled=false, browserName=Android, takesScreenshot=true, javascriptEnabled=true, platformName=Android}]
Session ID: 363c8306-39de-48e3-b898-a1149eab68c5">
      <![CDATA[org.openqa.selenium.TimeoutException: Timed out after 25 seconds waiting for visibility of Proxy element for: DefaultElementLocator 'By.id: com.bigbasket.mobileapp:id/txtEmptyMsg1'
Build info: version: '2.52.0', revision: '4c2593cfc3689a7fcd7be52549167e5ccc93ad28', time: '2016-02-11 11:22:43'
System info: host: 'Jolly', ip: '192.168.83.1', os.name: 'Windows 10', os.arch: 'amd64', os.version: '10.0', java.version: '1.8.0_60'
Driver info: io.appium.java_client.android.AndroidDriver
Capabilities [{appPackage=com.bigbasket.mobileapp, networkConnectionEnabled=true, warnings={}, databaseEnabled=false, deviceName=1c47b811, platform=LINUX, appActivity=com.bigbasket.mobileapp.activity.SplashActivity, desired={appPackage=com.bigbasket.mobileapp, appActivity=com.bigbasket.mobileapp.activity.SplashActivity, platformVersion=5.1.1, platformName=Android, deviceName=1c47b811}, platformVersion=5.1.1, webStorageEnabled=false, locationContextEnabled=false, browserName=Android, takesScreenshot=true, javascriptEnabled=true, platformName=Android}]
Session ID: 363c8306-39de-48e3-b898-a1149eab68c5
	at org.openqa.selenium.support.ui.WebDriverWait.timeoutException(WebDriverWait.java:80)
	at org.openqa.selenium.support.ui.FluentWait.until(FluentWait.java:261)
	at Generic_Component.Base_Class.Explicit_wait(Base_Class.java:91)
	at Scenario_Component.Scenario_Search.testInvalidSearch(Scenario_Search.java:40)
Caused by: org.openqa.selenium.NoSuchElementException: An element could not be located on the page using the given search parameters. (WARNING: The server did not provide any stacktrace information)
Command duration or timeout: 1.72 seconds
For documentation on this error, please visit: http://seleniumhq.org/exceptions/no_such_element.html
Build info: version: '2.52.0', revision: '4c2593cfc3689a7fcd7be52549167e5ccc93ad28', time: '2016-02-11 11:22:43'
System info: host: 'Jolly', ip: '192.168.83.1', os.name: 'Windows 10', os.arch: 'amd64', os.version: '10.0', java.version: '1.8.0_60'
Driver info: io.appium.java_client.android.AndroidDriver
Capabilities [{appPackage=com.bigbasket.mobileapp, networkConnectionEnabled=true, warnings={}, databaseEnabled=false, deviceName=1c47b811, platform=LINUX, appActivity=com.bigbasket.mobileapp.activity.SplashActivity, desired={appPackage=com.bigbasket.mobileapp, appActivity=com.bigbasket.mobileapp.activity.SplashActivity, platformVersion=5.1.1, platformName=Android, deviceName=1c47b811}, platformVersion=5.1.1, webStorageEnabled=false, locationContextEnabled=false, browserName=Android, takesScreenshot=true, javascriptEnabled=true, platformName=Android}]
Session ID: 363c8306-39de-48e3-b898-a1149eab68c5
*** Element info: {Using=id, value=com.bigbasket.mobileapp:id/txtEmptyMsg1}
	at org.openqa.selenium.remote.ErrorHandler.createThrowable(ErrorHandler.java:206)
	at org.openqa.selenium.remote.ErrorHandler.throwIfResponseFailed(ErrorHandler.java:158)
	at org.openqa.selenium.remote.RemoteWebDriver.execute(RemoteWebDriver.java:678)
	at io.appium.java_client.DefaultGenericMobileDriver.execute(DefaultGenericMobileDriver.java:42)
	at io.appium.java_client.AppiumDriver.execute(AppiumDriver.java:1)
	at io.appium.java_client.android.AndroidDriver.execute(AndroidDriver.java:1)
	at org.openqa.selenium.remote.RemoteWebDriver.findElement(RemoteWebDriver.java:363)
	at org.openqa.selenium.remote.RemoteWebDriver.findElementById(RemoteWebDriver.java:413)
	at io.appium.java_client.DefaultGenericMobileDriver.findElementById(DefaultGenericMobileDriver.java:62)
	at io.appium.java_client.AppiumDriver.findElementById(AppiumDriver.java:1)
	at io.appium.java_client.android.AndroidDriver.findElementById(AndroidDriver.java:1)
	at org.openqa.selenium.By$ById.findElement(By.java:218)
	at org.openqa.selenium.remote.RemoteWebDriver.findElement(RemoteWebDriver.java:355)
	at io.appium.java_client.DefaultGenericMobileDriver.findElement(DefaultGenericMobileDriver.java:52)
	at io.appium.java_client.AppiumDriver.findElement(AppiumDriver.java:1)
	at io.appium.java_client.android.AndroidDriver.findElement(AndroidDriver.java:1)
	at org.openqa.selenium.support.pagefactory.DefaultElementLocator.findElement(DefaultElementLocator.java:69)
	at org.openqa.selenium.support.pagefactory.internal.LocatingElementHandler.invoke(LocatingElementHandler.java:38)
	at com.sun.proxy.$Proxy8.isDisplayed(Unknown Source)
	at org.openqa.selenium.support.ui.ExpectedConditions.elementIfVisible(ExpectedConditions.java:302)
	at org.openqa.selenium.support.ui.ExpectedConditions.access$100(ExpectedConditions.java:41)
	at org.openqa.selenium.support.ui.ExpectedConditions$10.apply(ExpectedConditions.java:288)
	at org.openqa.selenium.support.ui.ExpectedConditions$10.apply(ExpectedConditions.java:285)
	at org.openqa.selenium.support.ui.FluentWait.until(FluentWait.java:238)
	... 26 more
... Removed 27 stack frames]]>
    </failure>
  </testcase> <!-- testInvalidSearch -->
  <testcase name="testInvalidSearch" time="25.068" classname="Scenario_Component.Scenario_Search">
    <failure type="org.openqa.selenium.SessionNotCreatedException" message="A new session could not be created. (Original error: Requested a new session but one was in progress) (WARNING: The server did not provide any stacktrace information)
Command duration or timeout: 46 milliseconds
Build info: version: &amp;apos;2.52.0&amp;apos;, revision: &amp;apos;4c2593cfc3689a7fcd7be52549167e5ccc93ad28&amp;apos;, time: &amp;apos;2016-02-11 11:22:43&amp;apos;
System info: host: &amp;apos;Jolly&amp;apos;, ip: &amp;apos;192.168.83.1&amp;apos;, os.name: &amp;apos;Windows 10&amp;apos;, os.arch: &amp;apos;amd64&amp;apos;, os.version: &amp;apos;10.0&amp;apos;, java.version: &amp;apos;1.8.0_60&amp;apos;
Driver info: io.appium.java_client.android.AndroidDriver">
      <![CDATA[org.openqa.selenium.SessionNotCreatedException: A new session could not be created. (Original error: Requested a new session but one was in progress) (WARNING: The server did not provide any stacktrace information)
Command duration or timeout: 46 milliseconds
Build info: version: '2.52.0', revision: '4c2593cfc3689a7fcd7be52549167e5ccc93ad28', time: '2016-02-11 11:22:43'
System info: host: 'Jolly', ip: '192.168.83.1', os.name: 'Windows 10', os.arch: 'amd64', os.version: '10.0', java.version: '1.8.0_60'
Driver info: io.appium.java_client.android.AndroidDriver
	at org.openqa.selenium.remote.ErrorHandler.createThrowable(ErrorHandler.java:206)
	at org.openqa.selenium.remote.ErrorHandler.throwIfResponseFailed(ErrorHandler.java:158)
	at org.openqa.selenium.remote.RemoteWebDriver.execute(RemoteWebDriver.java:678)
	at io.appium.java_client.DefaultGenericMobileDriver.execute(DefaultGenericMobileDriver.java:42)
	at io.appium.java_client.AppiumDriver.execute(AppiumDriver.java:1)
	at io.appium.java_client.android.AndroidDriver.execute(AndroidDriver.java:1)
	at org.openqa.selenium.remote.RemoteWebDriver.startSession(RemoteWebDriver.java:249)
	at org.openqa.selenium.remote.RemoteWebDriver.<init>(RemoteWebDriver.java:131)
	at org.openqa.selenium.remote.RemoteWebDriver.<init>(RemoteWebDriver.java:144)
	at io.appium.java_client.DefaultGenericMobileDriver.<init>(DefaultGenericMobileDriver.java:37)
	at io.appium.java_client.AppiumDriver.<init>(AppiumDriver.java:162)
	at io.appium.java_client.AppiumDriver.<init>(AppiumDriver.java:171)
	at io.appium.java_client.android.AndroidDriver.<init>(AndroidDriver.java:72)
	at Generic_Component.Base_Class.Init_App(Base_Class.java:78)
	at Scenario_Component.Scenario_Search.testInvalidSearch(Scenario_Search.java:30)
... Removed 28 stack frames]]>
    </failure>
  </testcase> <!-- testInvalidSearch -->
</testsuite> <!-- RegSet1 -->
